<?xml version="1.0" encoding="UTF-8"?>
<testng-results ignored="0" total="2" passed="2" failed="0" skipped="0">
  <reporter-output>
  </reporter-output>
  <suite started-at="2020-12-01T06:38:00Z" name="Suite" finished-at="2020-12-01T06:39:17Z" duration-ms="77150">
    <groups>
    </groups>
    <test started-at="2020-12-01T06:38:00Z" name="Test" finished-at="2020-12-01T06:39:17Z" duration-ms="77150">
      <class name="com.goair.testcases.FlightStatusTest">
        <test-method is-config="true" signature="beforeClass()[pri:0, instance:com.goair.testcases.FlightStatusTest@27adc16e]" started-at="2020-12-01T06:38:00Z" name="beforeClass" finished-at="2020-12-01T06:38:14Z" duration-ms="14480" status="PASS">
          <reporter-output>
          </reporter-output>
        </test-method> <!-- beforeClass -->
        <test-method signature="flightStatus(java.lang.String, java.lang.String, java.lang.String, java.lang.String)[pri:0, instance:com.goair.testcases.FlightStatusTest@27adc16e]" started-at="2020-12-01T06:38:16Z" name="flightStatus" data-provider="hybridData1" finished-at="2020-12-01T06:38:48Z" duration-ms="32142" status="PASS">
          <params>
            <param index="0">
              <value>
                <![CDATA[FlightStatusByRoute]]>
              </value>
            </param>
            <param index="1">
              <value>
                <![CDATA[Mumbai]]>
              </value>
            </param>
            <param index="2">
              <value>
                <![CDATA[Bengaluru]]>
              </value>
            </param>
            <param index="3">
              <value is-null="true"/>
            </param>
          </params>
          <reporter-output>
          </reporter-output>
        </test-method> <!-- flightStatus -->
        <test-method signature="flightStatus(java.lang.String, java.lang.String, java.lang.String, java.lang.String)[pri:0, instance:com.goair.testcases.FlightStatusTest@27adc16e]" started-at="2020-12-01T06:38:48Z" name="flightStatus" data-provider="hybridData1" finished-at="2020-12-01T06:39:17Z" duration-ms="28737" status="PASS">
          <params>
            <param index="0">
              <value>
                <![CDATA[FlightStatusByFlightNumber]]>
              </value>
            </param>
            <param index="1">
              <value is-null="true"/>
            </param>
            <param index="2">
              <value is-null="true"/>
            </param>
            <param index="3">
              <value>
                <![CDATA[321]]>
              </value>
            </param>
          </params>
          <reporter-output>
          </reporter-output>
        </test-method> <!-- flightStatus -->
        <test-method is-config="true" signature="afterClass()[pri:0, instance:com.goair.testcases.FlightStatusTest@27adc16e]" started-at="2020-12-01T06:39:17Z" name="afterClass" finished-at="2020-12-01T06:39:17Z" duration-ms="267" status="PASS">
          <reporter-output>
          </reporter-output>
        </test-method> <!-- afterClass -->
      </class> <!-- com.goair.testcases.FlightStatusTest -->
    </test> <!-- Test -->
  </suite> <!-- Suite -->
</testng-results>
